Fri Jun 14 11:35:07 JST 2019: 
Fri Jun 14 11:35:07 JST 2019: 
test: true
test: true
Fri Jun 14 11:35:07 JST 2019: 
test: true
Fri Jun 14 11:35:07 JST 2019: 
test: true
Fri Jun 14 11:35:07 JST 2019: 
test: true
Fri Jun 14 11:35:07 JST 2019: 
test: true
Fri Jun 14 11:35:07 JST 2019: 
test: true
Fri Jun 14 11:35:07 JST 2019: 
test: true
Fri Jun 14 11:35:07 JST 2019: 
test: true
Fri Jun 14 11:35:07 JST 2019: 
test: true
Fri Jun 14 11:35:07 JST 2019: 
test: true
Fri Jun 14 11:35:07 JST 2019: 
test: true
Fri Jun 14 11:35:07 JST 2019: 
test: true
Fri Jun 14 11:35:07 JST 2019: 
test: true
Fri Jun 14 11:35:07 JST 2019: 
test: true
Fri Jun 14 11:35:07 JST 2019: 
test: true
Fri Jun 14 11:35:07 JST 2019: 
b1: false
Fri Jun 14 11:35:07 JST 2019: 
test_background: true
Fri Jun 14 11:35:07 JST 2019: 
test: true
Fri Jun 14 11:35:07 JST 2019: 
test: true
Fri Jun 14 11:35:07 JST 2019: 
test: true
Fri Jun 14 11:35:07 JST 2019: 
test: true
Fri Jun 14 11:35:07 JST 2019: 
test: true
Fri Jun 14 11:35:07 JST 2019: 
test: true
Fri Jun 14 11:35:07 JST 2019: 
test: true
Fri Jun 14 11:35:07 JST 2019: 
test: true
Fri Jun 14 11:35:07 JST 2019: 
test: true
Fri Jun 14 11:35:07 JST 2019: 
test: true
Fri Jun 14 11:35:07 JST 2019: 
test: true
Fri Jun 14 11:35:07 JST 2019: 
test: true
Fri Jun 14 11:35:07 JST 2019: 
test: true
Fri Jun 14 11:35:07 JST 2019: 
test: true
Fri Jun 14 11:35:07 JST 2019: 
test: true
Fri Jun 14 11:35:07 JST 2019: 
test: true
Fri Jun 14 11:35:07 JST 2019: 
test: true
Fri Jun 14 11:35:07 JST 2019: 
test: true
Fri Jun 14 11:35:07 JST 2019: 
test: true
Fri Jun 14 11:35:07 JST 2019: 
test: true
Fri Jun 14 11:35:07 JST 2019: 
test: true
Fri Jun 14 11:35:07 JST 2019: 
test: true
Fri Jun 14 11:35:07 JST 2019: 
test: true
Fri Jun 14 11:35:07 JST 2019: 
test: true
Fri Jun 14 11:35:07 JST 2019: 
test: true
Fri Jun 14 11:35:07 JST 2019: 
test: true
Fri Jun 14 11:35:07 JST 2019: 
test: true
Fri Jun 14 11:35:07 JST 2019: 
test: true
Fri Jun 14 11:35:07 JST 2019: 
test: true
Fri Jun 14 11:35:07 JST 2019: 
test: true
Fri Jun 14 11:35:07 JST 2019: 
test: true
Fri Jun 14 11:35:09 JST 2019: 
test: true
Fri Jun 14 11:35:09 JST 2019: 
test: true
Fri Jun 14 11:35:09 JST 2019: 
test: true
Fri Jun 14 11:35:09 JST 2019: 
test: true
Fri Jun 14 11:35:09 JST 2019: 
test: true
Fri Jun 14 11:35:09 JST 2019: 
test: true
Fri Jun 14 11:35:09 JST 2019: 
test: true
Fri Jun 14 11:35:09 JST 2019: 
test: true
Fri Jun 14 11:35:09 JST 2019: 
test: true
Fri Jun 14 11:35:09 JST 2019: 
test: true
Fri Jun 14 11:35:09 JST 2019: 
test: true
Fri Jun 14 11:35:09 JST 2019: 
test: true
Fri Jun 14 11:35:09 JST 2019: 
test: true
Fri Jun 14 11:35:09 JST 2019: 
test: true
Fri Jun 14 11:35:09 JST 2019: 
test: true
Fri Jun 14 11:35:09 JST 2019: 
test: true
Fri Jun 14 11:35:09 JST 2019: 
test: true
Fri Jun 14 11:35:09 JST 2019: 
test: true
Fri Jun 14 11:35:09 JST 2019: 
test: true
Fri Jun 14 11:35:09 JST 2019: 
test: true
Fri Jun 14 11:35:09 JST 2019: 
test: true
Fri Jun 14 11:35:09 JST 2019: 
test: true
Fri Jun 14 11:35:09 JST 2019: 
test: true
Fri Jun 14 11:35:09 JST 2019: 
test: true
Fri Jun 14 11:35:09 JST 2019: 
test: true
Fri Jun 14 11:35:09 JST 2019: 
test: true
Fri Jun 14 11:35:09 JST 2019: 
test: true
Fri Jun 14 11:35:09 JST 2019: 
test: true
Fri Jun 14 11:35:09 JST 2019: 
test: true
Fri Jun 14 11:35:09 JST 2019: 
test: true
Fri Jun 14 11:35:09 JST 2019: 
test: true
Fri Jun 14 11:35:09 JST 2019: 
test: true
Fri Jun 14 11:35:09 JST 2019: 
test: true
Fri Jun 14 11:35:09 JST 2019: 
test: true
Fri Jun 14 11:35:10 JST 2019: 
test: true
Fri Jun 14 11:35:10 JST 2019: 
test: true
Fri Jun 14 11:35:10 JST 2019: 
test: true
Fri Jun 14 11:35:10 JST 2019: 
test: true
Fri Jun 14 11:35:10 JST 2019: 
test: true
Fri Jun 14 11:35:10 JST 2019: 
test: true
Fri Jun 14 11:35:10 JST 2019: 
test: true
Fri Jun 14 11:35:10 JST 2019: 
test: true
Fri Jun 14 11:35:10 JST 2019: 
test: true
Fri Jun 14 11:35:10 JST 2019: 
test: true
Fri Jun 14 11:35:10 JST 2019: 
test: true
Fri Jun 14 11:35:10 JST 2019: 
test: true
Fri Jun 14 11:35:10 JST 2019: 
test: true
Fri Jun 14 11:35:10 JST 2019: 
test: true
Fri Jun 14 11:35:10 JST 2019: 
test: true
Fri Jun 14 11:35:10 JST 2019: 
test: true
Fri Jun 14 11:35:10 JST 2019: 
test: true
Fri Jun 14 11:35:10 JST 2019: 
test: true
Fri Jun 14 11:35:10 JST 2019: 
test: true
Fri Jun 14 11:35:10 JST 2019: 
test: true
Fri Jun 14 11:35:10 JST 2019: 
test: true
Fri Jun 14 11:35:10 JST 2019: 
test: true
Fri Jun 14 11:35:10 JST 2019: 
test: true
Fri Jun 14 11:35:10 JST 2019: 
test: true
Fri Jun 14 11:35:10 JST 2019: 
test: true
Fri Jun 14 11:35:10 JST 2019: 
test: true
Fri Jun 14 11:35:10 JST 2019: 
test: true
Fri Jun 14 11:35:10 JST 2019: 
test: true
Fri Jun 14 11:35:10 JST 2019: 
test: true
Fri Jun 14 11:35:10 JST 2019: 
test: true
Fri Jun 14 11:35:10 JST 2019: 
test: true
Fri Jun 14 11:35:10 JST 2019: 
test: true
Fri Jun 14 11:35:10 JST 2019: 
test: true
Fri Jun 14 11:35:10 JST 2019: 
test: true
Fri Jun 14 11:35:11 JST 2019: 
test: true
Fri Jun 14 11:35:11 JST 2019: 
test: true
Fri Jun 14 11:35:11 JST 2019: 
test: true
Fri Jun 14 11:35:11 JST 2019: 
test: true
Fri Jun 14 11:35:11 JST 2019: 
test: true
Fri Jun 14 11:35:11 JST 2019: 
test: true
Fri Jun 14 11:35:11 JST 2019: 
test: true
Fri Jun 14 11:35:11 JST 2019: 
test: true
Fri Jun 14 11:35:11 JST 2019: 
test: true
Fri Jun 14 11:35:11 JST 2019: 
test: true
Fri Jun 14 11:35:11 JST 2019: 
test: true
Fri Jun 14 11:35:11 JST 2019: 
test: true
Fri Jun 14 11:35:11 JST 2019: 
test: true
Fri Jun 14 11:35:11 JST 2019: 
test: true
Fri Jun 14 11:35:11 JST 2019: 
test: true
Fri Jun 14 11:35:11 JST 2019: 
test: true
Fri Jun 14 11:35:11 JST 2019: 
test: true
Fri Jun 14 11:35:11 JST 2019: 
test: true
Fri Jun 14 11:35:11 JST 2019: 
test: true
Fri Jun 14 11:35:11 JST 2019: 
test: true
Fri Jun 14 11:35:11 JST 2019: 
test: true
Fri Jun 14 11:35:11 JST 2019: 
test: true
Fri Jun 14 11:35:11 JST 2019: 
test: true
Fri Jun 14 11:35:11 JST 2019: 
test: true
Fri Jun 14 11:35:11 JST 2019: 
test: true
Fri Jun 14 11:35:11 JST 2019: 
test: true
Fri Jun 14 11:35:11 JST 2019: 
test: true
Fri Jun 14 11:35:11 JST 2019: 
test: true
Fri Jun 14 11:35:11 JST 2019: 
test: true
Fri Jun 14 11:35:11 JST 2019: 
test: true
Fri Jun 14 11:35:11 JST 2019: 
test: true
Fri Jun 14 11:35:11 JST 2019: 
test: true
Fri Jun 14 11:35:11 JST 2019: 
test: true
Fri Jun 14 11:35:11 JST 2019: 
test: true
Fri Jun 14 11:35:11 JST 2019: 
test: true
Fri Jun 14 11:35:11 JST 2019: 
test: true
Fri Jun 14 11:35:11 JST 2019: 
test: true
Fri Jun 14 11:35:11 JST 2019: 
test: true
Fri Jun 14 11:35:11 JST 2019: 
test: true
Fri Jun 14 11:35:11 JST 2019: 
test: true
Fri Jun 14 11:35:11 JST 2019: 
test: true
Fri Jun 14 11:35:11 JST 2019: 
test: true
Fri Jun 14 11:35:11 JST 2019: 
test: true
Fri Jun 14 11:35:11 JST 2019: 
test: true
Fri Jun 14 11:35:11 JST 2019: 
test: true
Fri Jun 14 11:35:11 JST 2019: 
test: true
Fri Jun 14 11:35:11 JST 2019: 
test: true
Fri Jun 14 11:35:11 JST 2019: 
test: true
Fri Jun 14 11:35:11 JST 2019: 
test: true
Fri Jun 14 11:35:11 JST 2019: 
test: true
Fri Jun 14 11:35:11 JST 2019: 
test: true
Fri Jun 14 11:35:11 JST 2019: 
test: true
Fri Jun 14 11:35:11 JST 2019: 
test: true
Fri Jun 14 11:35:11 JST 2019: 
test: true
Fri Jun 14 11:35:11 JST 2019: 
test: true
Fri Jun 14 11:35:11 JST 2019: 
test: true
Fri Jun 14 11:35:11 JST 2019: 
test: true
Fri Jun 14 11:35:11 JST 2019: 
test: true
Fri Jun 14 11:35:11 JST 2019: 
test: true
Fri Jun 14 11:35:11 JST 2019: 
test: true
Fri Jun 14 11:35:11 JST 2019: 
test: true
Fri Jun 14 11:35:11 JST 2019: 
test: true
Fri Jun 14 11:35:11 JST 2019: 
test: true
Fri Jun 14 11:35:11 JST 2019: 
test: true
Fri Jun 14 11:35:11 JST 2019: 
test: true
Fri Jun 14 11:35:11 JST 2019: 
test: true
Fri Jun 14 11:35:11 JST 2019: 
test: true
Fri Jun 14 11:35:11 JST 2019: 
test: true
Fri Jun 14 11:35:11 JST 2019: 
test: true
Fri Jun 14 11:35:11 JST 2019: 
test: true
Fri Jun 14 11:35:11 JST 2019: 
test: true
Fri Jun 14 11:35:12 JST 2019: 
test: true
Fri Jun 14 11:35:12 JST 2019: 
test: true
Fri Jun 14 11:35:12 JST 2019: 
test: true
Fri Jun 14 11:35:12 JST 2019: 
test: true
Fri Jun 14 11:35:12 JST 2019: 
test: true
Fri Jun 14 11:35:12 JST 2019: 
test: true
Fri Jun 14 11:35:12 JST 2019: 
test: true
Fri Jun 14 11:35:12 JST 2019: 
test: true
Fri Jun 14 11:35:12 JST 2019: 
test: true
Fri Jun 14 11:35:12 JST 2019: 
test: true
Fri Jun 14 11:35:12 JST 2019: 
test: true
Fri Jun 14 11:35:12 JST 2019: 
test: true
Fri Jun 14 11:35:12 JST 2019: 
test: true
Fri Jun 14 11:35:12 JST 2019: 
test: true
Fri Jun 14 11:35:12 JST 2019: 
test: true
Fri Jun 14 11:35:12 JST 2019: 
test: true
Fri Jun 14 11:35:12 JST 2019: 
test: true
Fri Jun 14 11:35:12 JST 2019: 
test: true
Fri Jun 14 11:35:12 JST 2019: 
test: true
Fri Jun 14 11:35:12 JST 2019: 
test: true
Fri Jun 14 11:35:12 JST 2019: 
test: true
Fri Jun 14 11:35:12 JST 2019: 
test: true
Fri Jun 14 11:35:12 JST 2019: 
test: true
Fri Jun 14 11:35:12 JST 2019: 
test: true
Fri Jun 14 11:35:12 JST 2019: 
test: true
Fri Jun 14 11:35:12 JST 2019: 
test: true
Fri Jun 14 11:35:12 JST 2019: 
test: true
Fri Jun 14 11:35:12 JST 2019: 
test: true
Fri Jun 14 11:35:12 JST 2019: 
test: true
Fri Jun 14 11:35:12 JST 2019: 
test: true
Fri Jun 14 11:35:12 JST 2019: 
test: true
Fri Jun 14 11:35:12 JST 2019: 
test: true
Fri Jun 14 11:35:12 JST 2019: 
test: true
Fri Jun 14 11:35:12 JST 2019: 
test: true
Fri Jun 14 11:35:12 JST 2019: 
test: true
Fri Jun 14 11:35:12 JST 2019: 
test: true
Fri Jun 14 11:35:12 JST 2019: 
test: true
Fri Jun 14 11:35:12 JST 2019: 
test: true
Fri Jun 14 11:35:12 JST 2019: 
test: true
Fri Jun 14 11:35:12 JST 2019: 
test: true
Fri Jun 14 11:35:12 JST 2019: 
test: true
Fri Jun 14 11:35:12 JST 2019: 
test: true
Fri Jun 14 11:35:12 JST 2019: 
test: true
Fri Jun 14 11:35:12 JST 2019: 
test: true
Fri Jun 14 11:35:12 JST 2019: 
test: true
Fri Jun 14 11:35:12 JST 2019: 
test: true
Fri Jun 14 11:35:12 JST 2019: 
test: true
Fri Jun 14 11:35:12 JST 2019: 
test: true
Fri Jun 14 11:35:12 JST 2019: 
test: true
Fri Jun 14 11:35:12 JST 2019: 
test: true
Fri Jun 14 11:35:14 JST 2019: 
test: true
Fri Jun 14 11:35:14 JST 2019: 
b1: false
Fri Jun 14 11:35:14 JST 2019: 
test_background: true
Fri Jun 14 11:35:14 JST 2019: 
test: true
Fri Jun 14 11:35:14 JST 2019: 
test: true
Fri Jun 14 11:35:14 JST 2019: 
test: true
Fri Jun 14 11:35:14 JST 2019: 
test: true
Fri Jun 14 11:35:14 JST 2019: 
test: true
Fri Jun 14 11:35:14 JST 2019: 
test: true
Fri Jun 14 11:35:14 JST 2019: 
test: true
Fri Jun 14 11:35:14 JST 2019: 
test: true
Fri Jun 14 11:35:14 JST 2019: 
test: true
Fri Jun 14 11:35:14 JST 2019: 
test: true
Fri Jun 14 11:35:14 JST 2019: 
test: true
Fri Jun 14 11:35:14 JST 2019: 
test: true
Fri Jun 14 11:35:14 JST 2019: 
test: true
Fri Jun 14 11:35:14 JST 2019: 
test: true
Fri Jun 14 11:35:14 JST 2019: 
test: true
Fri Jun 14 11:35:14 JST 2019: 
test: true
Fri Jun 14 11:35:14 JST 2019: 
test: true
Fri Jun 14 11:35:14 JST 2019: 
test: true
Fri Jun 14 11:35:14 JST 2019: 
test: true
Fri Jun 14 11:35:14 JST 2019: 
test: true
Fri Jun 14 11:35:14 JST 2019: 
test: true
Fri Jun 14 11:35:14 JST 2019: 
Exit with status 0.
