Fri Jun 14 11:37:26 JST 2019: 
test: true
Fri Jun 14 11:37:26 JST 2019: 
b1: false
Fri Jun 14 11:37:26 JST 2019: 
test_background: true
Fri Jun 14 11:37:26 JST 2019: 
test: true
Fri Jun 14 11:37:26 JST 2019: 
test: true
Fri Jun 14 11:37:26 JST 2019: 
test: true
Fri Jun 14 11:37:26 JST 2019: 
test: true
Fri Jun 14 11:37:26 JST 2019: 
test: true
Fri Jun 14 11:37:26 JST 2019: 
test: true
Fri Jun 14 11:37:26 JST 2019: 
test: true
Fri Jun 14 11:37:26 JST 2019: 
test: true
Fri Jun 14 11:37:26 JST 2019: 
test: true
Fri Jun 14 11:37:26 JST 2019: 
test: true
Fri Jun 14 11:37:26 JST 2019: 
test: true
Fri Jun 14 11:37:29 JST 2019: 
test: true
Fri Jun 14 11:37:29 JST 2019: 
b1: false
Fri Jun 14 11:37:29 JST 2019: 
test_background: true
Fri Jun 14 11:37:29 JST 2019: 
test: true
Fri Jun 14 11:37:29 JST 2019: 
test: true
Fri Jun 14 11:37:29 JST 2019: 
test: true
Fri Jun 14 11:37:30 JST 2019: 
test: true
Fri Jun 14 11:37:30 JST 2019: 
test: true
Fri Jun 14 11:37:30 JST 2019: 
test: true
Fri Jun 14 11:37:30 JST 2019: 
test: true
Fri Jun 14 11:37:30 JST 2019: 
test: true
Fri Jun 14 11:37:30 JST 2019: 
test: true
Fri Jun 14 11:37:30 JST 2019: 
test: true
Fri Jun 14 11:37:30 JST 2019: 
test: true
Fri Jun 14 11:37:30 JST 2019: 
test: true
Fri Jun 14 11:37:30 JST 2019: 
test: true
Fri Jun 14 11:37:30 JST 2019: 
test: true
Fri Jun 14 11:37:30 JST 2019: 
test: true
Fri Jun 14 11:37:30 JST 2019: 
test: true
Fri Jun 14 11:37:30 JST 2019: 
test: true
Fri Jun 14 11:37:30 JST 2019: 
test: true
Fri Jun 14 11:37:30 JST 2019: 
test: true
Fri Jun 14 11:37:30 JST 2019: 
test: true
Fri Jun 14 11:37:30 JST 2019: 
test: true
Fri Jun 14 11:37:30 JST 2019: 
test: true
Fri Jun 14 11:37:30 JST 2019: 
test: true
Fri Jun 14 11:37:30 JST 2019: 
test: true
Fri Jun 14 11:37:30 JST 2019: 
test: true
Fri Jun 14 11:37:30 JST 2019: 
test: true
Fri Jun 14 11:37:30 JST 2019: 
test: true
Fri Jun 14 11:37:31 JST 2019: 
test: true
Fri Jun 14 11:37:31 JST 2019: 
test: true
Fri Jun 14 11:37:31 JST 2019: 
test: true
Fri Jun 14 11:37:31 JST 2019: 
test: true
Fri Jun 14 11:37:31 JST 2019: 
test: true
Fri Jun 14 11:37:31 JST 2019: 
test: true
Fri Jun 14 11:37:31 JST 2019: 
test: true
Fri Jun 14 11:37:31 JST 2019: 
test: true
Fri Jun 14 11:37:31 JST 2019: 
test: true
Fri Jun 14 11:37:31 JST 2019: 
test: true
Fri Jun 14 11:37:31 JST 2019: 
test: true
Fri Jun 14 11:37:31 JST 2019: 
test: true
Fri Jun 14 11:37:31 JST 2019: 
test: true
Fri Jun 14 11:37:31 JST 2019: 
test: true
Fri Jun 14 11:37:31 JST 2019: 
test: true
Fri Jun 14 11:37:31 JST 2019: 
test: true
Fri Jun 14 11:37:31 JST 2019: 
test: true
Fri Jun 14 11:37:32 JST 2019: 
test: true
Fri Jun 14 11:37:32 JST 2019: 
test: true
Fri Jun 14 11:37:32 JST 2019: 
test: true
Fri Jun 14 11:37:32 JST 2019: 
test: true
Fri Jun 14 11:37:32 JST 2019: 
test: true
Fri Jun 14 11:37:32 JST 2019: 
test: true
Fri Jun 14 11:37:32 JST 2019: 
test: true
Fri Jun 14 11:37:32 JST 2019: 
test: true
Fri Jun 14 11:37:32 JST 2019: 
test: true
Fri Jun 14 11:37:32 JST 2019: 
test: true
Fri Jun 14 11:37:32 JST 2019: 
test: true
Fri Jun 14 11:37:32 JST 2019: 
test: true
Fri Jun 14 11:37:32 JST 2019: 
test: true
Fri Jun 14 11:37:32 JST 2019: 
test: true
Fri Jun 14 11:37:32 JST 2019: 
test: true
Fri Jun 14 11:37:32 JST 2019: 
test: true
Fri Jun 14 11:37:32 JST 2019: 
test: true
Fri Jun 14 11:37:32 JST 2019: 
test: true
Fri Jun 14 11:37:32 JST 2019: 
test: true
Fri Jun 14 11:37:32 JST 2019: 
test: true
Fri Jun 14 11:37:32 JST 2019: 
test: true
Fri Jun 14 11:37:32 JST 2019: 
test: true
Fri Jun 14 11:37:32 JST 2019: 
test: true
Fri Jun 14 11:37:32 JST 2019: 
test: true
Fri Jun 14 11:37:32 JST 2019: 
test: true
Fri Jun 14 11:37:32 JST 2019: 
test: true
Fri Jun 14 11:37:32 JST 2019: 
test: true
Fri Jun 14 11:37:32 JST 2019: 
test: true
Fri Jun 14 11:37:32 JST 2019: 
test: true
Fri Jun 14 11:37:32 JST 2019: 
test: true
Fri Jun 14 11:37:32 JST 2019: 
test: true
Fri Jun 14 11:37:32 JST 2019: 
test: true
Fri Jun 14 11:37:32 JST 2019: 
test: true
Fri Jun 14 11:37:32 JST 2019: 
test: true
Fri Jun 14 11:37:32 JST 2019: 
test: true
Fri Jun 14 11:37:32 JST 2019: 
test: true
Fri Jun 14 11:37:32 JST 2019: 
test: true
Fri Jun 14 11:37:32 JST 2019: 
test: true
Fri Jun 14 11:37:32 JST 2019: 
test: true
Fri Jun 14 11:37:32 JST 2019: 
test: true
Fri Jun 14 11:37:32 JST 2019: 
test: true
Fri Jun 14 11:37:32 JST 2019: 
test: true
Fri Jun 14 11:37:32 JST 2019: 
test: true
Fri Jun 14 11:37:32 JST 2019: 
test: true
Fri Jun 14 11:37:32 JST 2019: 
test: true
Fri Jun 14 11:37:32 JST 2019: 
test: true
Fri Jun 14 11:37:32 JST 2019: 
test: true
Fri Jun 14 11:37:32 JST 2019: 
test: true
Fri Jun 14 11:37:33 JST 2019: 
test: true
Fri Jun 14 11:37:33 JST 2019: 
test: true
Fri Jun 14 11:37:33 JST 2019: 
test: true
Fri Jun 14 11:37:33 JST 2019: 
test: true
Fri Jun 14 11:37:33 JST 2019: 
test: true
Fri Jun 14 11:37:33 JST 2019: 
test: true
Fri Jun 14 11:37:33 JST 2019: 
test: true
Fri Jun 14 11:37:33 JST 2019: 
test: true
Fri Jun 14 11:37:33 JST 2019: 
test: true
Fri Jun 14 11:37:33 JST 2019: 
test: true
Fri Jun 14 11:37:33 JST 2019: 
test: true
Fri Jun 14 11:37:33 JST 2019: 
test: true
Fri Jun 14 11:37:33 JST 2019: 
test: true
Fri Jun 14 11:37:33 JST 2019: 
test: true
Fri Jun 14 11:37:33 JST 2019: 
test: true
Fri Jun 14 11:37:33 JST 2019: 
test: true
Fri Jun 14 11:37:33 JST 2019: 
test: true
Fri Jun 14 11:37:33 JST 2019: 
test: true
Fri Jun 14 11:37:33 JST 2019: 
test: true
Fri Jun 14 11:37:33 JST 2019: 
test: true
Fri Jun 14 11:37:33 JST 2019: 
test: true
Fri Jun 14 11:37:33 JST 2019: 
test: true
Fri Jun 14 11:37:33 JST 2019: 
test: true
Fri Jun 14 11:37:33 JST 2019: 
test: true
Fri Jun 14 11:37:33 JST 2019: 
test: true
Fri Jun 14 11:37:33 JST 2019: 
test: true
Fri Jun 14 11:37:33 JST 2019: 
test: true
Fri Jun 14 11:37:33 JST 2019: 
test: true
Fri Jun 14 11:37:33 JST 2019: 
test: true
Fri Jun 14 11:37:33 JST 2019: 
test: true
Fri Jun 14 11:37:33 JST 2019: 
test: true
Fri Jun 14 11:37:33 JST 2019: 
test: true
Fri Jun 14 11:37:33 JST 2019: 
test: true
Fri Jun 14 11:37:33 JST 2019: 
test: true
Fri Jun 14 11:37:33 JST 2019: 
test: true
Fri Jun 14 11:37:33 JST 2019: 
test: true
Fri Jun 14 11:37:33 JST 2019: 
test: true
Fri Jun 14 11:37:33 JST 2019: 
test: true
Fri Jun 14 11:37:33 JST 2019: 
test: true
Fri Jun 14 11:37:33 JST 2019: 
test: true
Fri Jun 14 11:37:33 JST 2019: 
test: true
Fri Jun 14 11:37:33 JST 2019: 
test: true
Fri Jun 14 11:37:33 JST 2019: 
test: true
Fri Jun 14 11:37:33 JST 2019: 
test: true
Fri Jun 14 11:37:33 JST 2019: 
test: true
Fri Jun 14 11:37:33 JST 2019: 
test: true
Fri Jun 14 11:37:33 JST 2019: 
test: true
Fri Jun 14 11:37:34 JST 2019: 
test: true
Fri Jun 14 11:37:34 JST 2019: 
b1: false
Fri Jun 14 11:37:34 JST 2019: 
test_background: true
Fri Jun 14 11:37:34 JST 2019: 
test: true
Fri Jun 14 11:37:34 JST 2019: 
b1: false
Fri Jun 14 11:37:34 JST 2019: 
test: true
Fri Jun 14 11:37:34 JST 2019: 
test_background: true
Fri Jun 14 11:37:34 JST 2019: 
b1: false
Fri Jun 14 11:37:34 JST 2019: 
test_background: true
Fri Jun 14 11:37:37 JST 2019: 
test: true
Fri Jun 14 11:37:37 JST 2019: 
b1: false
Fri Jun 14 11:37:37 JST 2019: 
test_background: true
Fri Jun 14 11:37:37 JST 2019: 
test: true
Fri Jun 14 11:37:37 JST 2019: 
b1: false
Fri Jun 14 11:37:37 JST 2019: 
test_background: true
Fri Jun 14 11:37:37 JST 2019: 
test: true
Fri Jun 14 11:37:37 JST 2019: 
test: true
Fri Jun 14 11:37:37 JST 2019: 
test: true
Fri Jun 14 11:37:37 JST 2019: 
test: true
Fri Jun 14 11:37:37 JST 2019: 
test: true
Fri Jun 14 11:37:37 JST 2019: 
test: true
Fri Jun 14 11:37:37 JST 2019: 
test: true
Fri Jun 14 11:37:37 JST 2019: 
test: true
Fri Jun 14 11:37:37 JST 2019: 
test: true
Fri Jun 14 11:37:37 JST 2019: 
test: true
Fri Jun 14 11:37:37 JST 2019: 
test: true
Fri Jun 14 11:37:37 JST 2019: 
test: true
Fri Jun 14 11:37:37 JST 2019: 
test: true
Fri Jun 14 11:37:37 JST 2019: 
test: true
Fri Jun 14 11:37:37 JST 2019: 
test: true
Fri Jun 14 11:37:37 JST 2019: 
test: true
Fri Jun 14 11:37:37 JST 2019: 
test: true
Fri Jun 14 11:37:37 JST 2019: 
test: true
Fri Jun 14 11:37:37 JST 2019: 
test: true
Fri Jun 14 11:37:37 JST 2019: 
test: true
Fri Jun 14 11:37:37 JST 2019: 
test: true
Fri Jun 14 11:37:38 JST 2019: 
test: true
Fri Jun 14 11:37:38 JST 2019: 
b1: false
Fri Jun 14 11:37:38 JST 2019: 
test_background: true
Fri Jun 14 11:37:38 JST 2019: 
test: true
Fri Jun 14 11:37:38 JST 2019: 
b1: false
Fri Jun 14 11:37:38 JST 2019: 
test_background: true
Fri Jun 14 11:37:39 JST 2019: 
test: true
Fri Jun 14 11:37:39 JST 2019: 
test: true
Fri Jun 14 11:37:39 JST 2019: 
test: true
Fri Jun 14 11:37:39 JST 2019: 
test: true
Fri Jun 14 11:37:39 JST 2019: 
test: true
Fri Jun 14 11:37:39 JST 2019: 
test: true
Fri Jun 14 11:37:39 JST 2019: 
test: true
Fri Jun 14 11:37:39 JST 2019: 
test: true
Fri Jun 14 11:37:39 JST 2019: 
test: true
Fri Jun 14 11:37:39 JST 2019: 
test: true
Fri Jun 14 11:37:39 JST 2019: 
test: true
Fri Jun 14 11:37:39 JST 2019: 
test: true
Fri Jun 14 11:37:39 JST 2019: 
test: true
Fri Jun 14 11:37:39 JST 2019: 
test: true
Fri Jun 14 11:37:39 JST 2019: 
test: true
Fri Jun 14 11:37:39 JST 2019: 
test: true
Fri Jun 14 11:37:39 JST 2019: 
test: true
Fri Jun 14 11:37:39 JST 2019: 
test: true
Fri Jun 14 11:37:39 JST 2019: 
test: true
Fri Jun 14 11:37:39 JST 2019: 
test: true
Fri Jun 14 11:37:39 JST 2019: 
test: true
Fri Jun 14 11:37:39 JST 2019: 
test: true
Fri Jun 14 11:37:39 JST 2019: 
test: true
Fri Jun 14 11:37:39 JST 2019: 
test: true
Fri Jun 14 11:37:39 JST 2019: 
test: true
Fri Jun 14 11:37:39 JST 2019: 
test: true
Fri Jun 14 11:37:39 JST 2019: 
test: true
Fri Jun 14 11:37:39 JST 2019: 
test: true
Fri Jun 14 11:37:39 JST 2019: 
test: true
Fri Jun 14 11:37:39 JST 2019: 
test: true
Fri Jun 14 11:37:39 JST 2019: 
test: true
Fri Jun 14 11:37:39 JST 2019: 
test: true
Fri Jun 14 11:37:39 JST 2019: 
test: true
Fri Jun 14 11:37:39 JST 2019: 
test: true
Fri Jun 14 11:37:39 JST 2019: 
test: true
Fri Jun 14 11:37:39 JST 2019: 
test: true
Fri Jun 14 11:37:39 JST 2019: 
test: true
Fri Jun 14 11:37:39 JST 2019: 
test: true
Fri Jun 14 11:37:39 JST 2019: 
test: true
Fri Jun 14 11:37:39 JST 2019: 
test: true
Fri Jun 14 11:37:39 JST 2019: 
test: true
Fri Jun 14 11:37:39 JST 2019: 
test: true
Fri Jun 14 11:37:39 JST 2019: 
test: true
Fri Jun 14 11:37:39 JST 2019: 
test: true
Fri Jun 14 11:37:39 JST 2019: 
test: true
Fri Jun 14 11:37:39 JST 2019: 
test: true
Fri Jun 14 11:37:39 JST 2019: 
test: true
Fri Jun 14 11:37:39 JST 2019: 
test: true
Fri Jun 14 11:37:39 JST 2019: 
test: true
Fri Jun 14 11:37:40 JST 2019: 
test: true
Fri Jun 14 11:37:40 JST 2019: 
b1: false
Fri Jun 14 11:37:40 JST 2019: 
test_background: true
Fri Jun 14 11:37:40 JST 2019: 
test: true
Fri Jun 14 11:37:40 JST 2019: 
test: true
Fri Jun 14 11:37:40 JST 2019: 
b1: false
Fri Jun 14 11:37:40 JST 2019: 
b1: false
Fri Jun 14 11:37:40 JST 2019: 
test_background: true
Fri Jun 14 11:37:40 JST 2019: 
test_background: true
Fri Jun 14 11:37:42 JST 2019: 
test: true
Fri Jun 14 11:37:42 JST 2019: 
b1: false
Fri Jun 14 11:37:42 JST 2019: 
test_background: true
Fri Jun 14 11:37:43 JST 2019: 
test: true
Fri Jun 14 11:37:43 JST 2019: 
test: true
Fri Jun 14 11:37:43 JST 2019: 
b1: false
Fri Jun 14 11:37:43 JST 2019: 
b1: false
Fri Jun 14 11:37:43 JST 2019: 
test_background: true
Fri Jun 14 11:37:43 JST 2019: 
test_background: true
Fri Jun 14 11:37:43 JST 2019: 
test: true
Fri Jun 14 11:37:43 JST 2019: 
test: true
Fri Jun 14 11:37:43 JST 2019: 
test: true
Fri Jun 14 11:37:43 JST 2019: 
test: true
Fri Jun 14 11:37:43 JST 2019: 
test: true
Fri Jun 14 11:37:43 JST 2019: 
test: true
Fri Jun 14 11:37:43 JST 2019: 
test: true
Fri Jun 14 11:37:43 JST 2019: 
test: true
Fri Jun 14 11:37:43 JST 2019: 
test: true
Fri Jun 14 11:37:43 JST 2019: 
test: true
Fri Jun 14 11:37:43 JST 2019: 
test: true
Fri Jun 14 11:37:43 JST 2019: 
test: true
Fri Jun 14 11:37:43 JST 2019: 
test: true
Fri Jun 14 11:37:43 JST 2019: 
test: true
Fri Jun 14 11:37:43 JST 2019: 
test: true
Fri Jun 14 11:37:43 JST 2019: 
test: true
Fri Jun 14 11:37:43 JST 2019: 
test: true
Fri Jun 14 11:37:43 JST 2019: 
test: true
Fri Jun 14 11:37:43 JST 2019: 
test: true
Fri Jun 14 11:37:43 JST 2019: 
test: true
Fri Jun 14 11:37:43 JST 2019: 
test: true
Fri Jun 14 11:37:43 JST 2019: 
test: true
Fri Jun 14 11:37:43 JST 2019: 
test: true
Fri Jun 14 11:37:44 JST 2019: 
test: true
Fri Jun 14 11:37:44 JST 2019: 
b1: false
Fri Jun 14 11:37:44 JST 2019: 
test_background: true
Fri Jun 14 11:37:44 JST 2019: 
test: true
Fri Jun 14 11:37:44 JST 2019: 
test: true
Fri Jun 14 11:37:44 JST 2019: 
test: true
Fri Jun 14 11:37:44 JST 2019: 
test: true
Fri Jun 14 11:37:44 JST 2019: 
test: true
Fri Jun 14 11:37:44 JST 2019: 
test: true
Fri Jun 14 11:37:44 JST 2019: 
test: true
Fri Jun 14 11:37:44 JST 2019: 
test: true
Fri Jun 14 11:37:44 JST 2019: 
test: true
Fri Jun 14 11:37:44 JST 2019: 
test: true
Fri Jun 14 11:37:44 JST 2019: 
test: true
Fri Jun 14 11:37:44 JST 2019: 
test: true
Fri Jun 14 11:37:44 JST 2019: 
test: true
Fri Jun 14 11:37:44 JST 2019: 
test: true
Fri Jun 14 11:37:44 JST 2019: 
test: true
Fri Jun 14 11:37:44 JST 2019: 
test: true
Fri Jun 14 11:37:44 JST 2019: 
test: true
Fri Jun 14 11:37:44 JST 2019: 
test: true
Fri Jun 14 11:37:44 JST 2019: 
test: true
Fri Jun 14 11:37:44 JST 2019: 
test: true
Fri Jun 14 11:37:44 JST 2019: 
test: true
Fri Jun 14 11:37:44 JST 2019: 
test: true
Fri Jun 14 11:37:44 JST 2019: 
test: true
Fri Jun 14 11:37:44 JST 2019: 
test: true
Fri Jun 14 11:37:45 JST 2019: 
test: true
Fri Jun 14 11:37:45 JST 2019: 
test: true
Fri Jun 14 11:37:45 JST 2019: 
test: true
Fri Jun 14 11:37:45 JST 2019: 
test: true
Fri Jun 14 11:37:45 JST 2019: 
test: true
Fri Jun 14 11:37:45 JST 2019: 
test: true
Fri Jun 14 11:37:45 JST 2019: 
test: true
Fri Jun 14 11:37:45 JST 2019: 
test: true
Fri Jun 14 11:37:45 JST 2019: 
test: true
Fri Jun 14 11:37:45 JST 2019: 
test: true
Fri Jun 14 11:37:45 JST 2019: 
test: true
Fri Jun 14 11:37:45 JST 2019: 
test: true
Fri Jun 14 11:37:45 JST 2019: 
test: true
Fri Jun 14 11:37:45 JST 2019: 
test: true
Fri Jun 14 11:37:45 JST 2019: 
test: true
Fri Jun 14 11:37:45 JST 2019: 
test: true
Fri Jun 14 11:37:45 JST 2019: 
test: true
Fri Jun 14 11:37:45 JST 2019: 
test: true
Fri Jun 14 11:37:46 JST 2019: 
test: true
Fri Jun 14 11:37:46 JST 2019: 
test: true
Fri Jun 14 11:37:46 JST 2019: 
test: true
Fri Jun 14 11:37:46 JST 2019: 
test: true
Fri Jun 14 11:37:46 JST 2019: 
test: true
Fri Jun 14 11:37:46 JST 2019: 
test: true
Fri Jun 14 11:37:46 JST 2019: 
test: true
Fri Jun 14 11:37:46 JST 2019: 
test: true
Fri Jun 14 11:37:46 JST 2019: 
test: true
Fri Jun 14 11:37:46 JST 2019: 
test: true
Fri Jun 14 11:37:46 JST 2019: 
test: true
Fri Jun 14 11:37:46 JST 2019: 
test: true
Fri Jun 14 11:37:46 JST 2019: 
test: true
Fri Jun 14 11:37:46 JST 2019: 
test: true
Fri Jun 14 11:37:46 JST 2019: 
test: true
Fri Jun 14 11:37:46 JST 2019: 
test: true
Fri Jun 14 11:37:46 JST 2019: 
test: true
Fri Jun 14 11:37:46 JST 2019: 
test: true
Fri Jun 14 11:37:46 JST 2019: 
test: true
Fri Jun 14 11:37:46 JST 2019: 
test: true
Fri Jun 14 11:37:46 JST 2019: 
test: true
Fri Jun 14 11:37:48 JST 2019: 
test: true
Fri Jun 14 11:37:48 JST 2019: 
test: true
Fri Jun 14 11:37:48 JST 2019: 
test: true
Fri Jun 14 11:37:48 JST 2019: 
test: true
Fri Jun 14 11:37:48 JST 2019: 
test: true
Fri Jun 14 11:37:48 JST 2019: 
test: true
Fri Jun 14 11:37:48 JST 2019: 
test: true
Fri Jun 14 11:37:48 JST 2019: 
test: true
Fri Jun 14 11:37:48 JST 2019: 
test: true
Fri Jun 14 11:37:48 JST 2019: 
test: true
Fri Jun 14 11:37:48 JST 2019: 
test: true
Fri Jun 14 11:37:48 JST 2019: 
test: true
Fri Jun 14 11:37:48 JST 2019: 
test: true
Fri Jun 14 11:37:48 JST 2019: 
test: true
Fri Jun 14 11:37:51 JST 2019: 
Exit with status 0.
