Fri Jun 14 11:36:29 JST 2019: 
test: true
Fri Jun 14 11:36:29 JST 2019: 
test: true
Fri Jun 14 11:36:29 JST 2019: 
test: true
Fri Jun 14 11:36:29 JST 2019: 
test: true
Fri Jun 14 11:36:29 JST 2019: 
test: true
Fri Jun 14 11:36:29 JST 2019: 
test: true
Fri Jun 14 11:36:29 JST 2019: 
test: true
Fri Jun 14 11:36:29 JST 2019: 
test: true
Fri Jun 14 11:36:29 JST 2019: 
test: true
Fri Jun 14 11:36:29 JST 2019: 
test: true
Fri Jun 14 11:36:29 JST 2019: 
test: true
Fri Jun 14 11:36:29 JST 2019: 
test: true
Fri Jun 14 11:36:29 JST 2019: 
test: true
Fri Jun 14 11:36:29 JST 2019: 
b1: false
Fri Jun 14 11:36:29 JST 2019: 
test_background: true
Fri Jun 14 11:36:29 JST 2019: 
test: true
Fri Jun 14 11:36:29 JST 2019: 
test: true
Fri Jun 14 11:36:29 JST 2019: 
test: true
Fri Jun 14 11:36:29 JST 2019: 
test: true
Fri Jun 14 11:36:29 JST 2019: 
test: true
Fri Jun 14 11:36:29 JST 2019: 
test: true
Fri Jun 14 11:36:29 JST 2019: 
test: true
Fri Jun 14 11:36:29 JST 2019: 
test: true
Fri Jun 14 11:36:29 JST 2019: 
test: true
Fri Jun 14 11:36:29 JST 2019: 
test: true
Fri Jun 14 11:36:29 JST 2019: 
test: true
Fri Jun 14 11:36:29 JST 2019: 
test: true
Fri Jun 14 11:36:29 JST 2019: 
test: true
Fri Jun 14 11:36:29 JST 2019: 
test: true
Fri Jun 14 11:36:29 JST 2019: 
test: true
Fri Jun 14 11:36:29 JST 2019: 
test: true
Fri Jun 14 11:36:29 JST 2019: 
test: true
Fri Jun 14 11:36:29 JST 2019: 
test: true
Fri Jun 14 11:36:29 JST 2019: 
test: true
Fri Jun 14 11:36:29 JST 2019: 
test: true
Fri Jun 14 11:36:29 JST 2019: 
test: true
Fri Jun 14 11:36:29 JST 2019: 
test: true
Fri Jun 14 11:36:31 JST 2019: 
test: true
Fri Jun 14 11:36:31 JST 2019: 
test: true
Fri Jun 14 11:36:31 JST 2019: 
test: true
Fri Jun 14 11:36:31 JST 2019: 
test: true
Fri Jun 14 11:36:31 JST 2019: 
test: true
Fri Jun 14 11:36:31 JST 2019: 
test: true
Fri Jun 14 11:36:31 JST 2019: 
test: true
Fri Jun 14 11:36:31 JST 2019: 
test: true
Fri Jun 14 11:36:31 JST 2019: 
test: true
Fri Jun 14 11:36:31 JST 2019: 
test: true
Fri Jun 14 11:36:31 JST 2019: 
test: true
Fri Jun 14 11:36:31 JST 2019: 
test: true
Fri Jun 14 11:36:31 JST 2019: 
test: true
Fri Jun 14 11:36:31 JST 2019: 
test: true
Fri Jun 14 11:36:31 JST 2019: 
test: true
Fri Jun 14 11:36:31 JST 2019: 
test: true
Fri Jun 14 11:36:31 JST 2019: 
test: true
Fri Jun 14 11:36:31 JST 2019: 
test: true
Fri Jun 14 11:36:31 JST 2019: 
test: true
Fri Jun 14 11:36:31 JST 2019: 
test: true
Fri Jun 14 11:36:31 JST 2019: 
test: true
Fri Jun 14 11:36:31 JST 2019: 
test: true
Fri Jun 14 11:36:31 JST 2019: 
test: true
Fri Jun 14 11:36:31 JST 2019: 
test: true
Fri Jun 14 11:36:31 JST 2019: 
test: true
Fri Jun 14 11:36:31 JST 2019: 
test: true
Fri Jun 14 11:36:31 JST 2019: 
test: true
Fri Jun 14 11:36:31 JST 2019: 
test: true
Fri Jun 14 11:36:31 JST 2019: 
test: true
Fri Jun 14 11:36:31 JST 2019: 
test: true
Fri Jun 14 11:36:31 JST 2019: 
test: true
Fri Jun 14 11:36:31 JST 2019: 
test: true
Fri Jun 14 11:36:31 JST 2019: 
test: true
Fri Jun 14 11:36:31 JST 2019: 
test: true
Fri Jun 14 11:36:31 JST 2019: 
test: true
Fri Jun 14 11:36:31 JST 2019: 
test: true
Fri Jun 14 11:36:31 JST 2019: 
test: true
Fri Jun 14 11:36:31 JST 2019: 
test: true
Fri Jun 14 11:36:31 JST 2019: 
test: true
Fri Jun 14 11:36:31 JST 2019: 
test: true
Fri Jun 14 11:36:32 JST 2019: 
test: true
Fri Jun 14 11:36:32 JST 2019: 
test: true
Fri Jun 14 11:36:32 JST 2019: 
test: true
Fri Jun 14 11:36:32 JST 2019: 
test: true
Fri Jun 14 11:36:32 JST 2019: 
test: true
Fri Jun 14 11:36:32 JST 2019: 
test: true
Fri Jun 14 11:36:32 JST 2019: 
test: true
Fri Jun 14 11:36:32 JST 2019: 
test: true
Fri Jun 14 11:36:32 JST 2019: 
test: true
Fri Jun 14 11:36:33 JST 2019: 
test: true
Fri Jun 14 11:36:33 JST 2019: 
b1: false
Fri Jun 14 11:36:33 JST 2019: 
test_background: true
Fri Jun 14 11:36:33 JST 2019: 
test: true
Fri Jun 14 11:36:33 JST 2019: 
test: true
Fri Jun 14 11:36:33 JST 2019: 
test: true
Fri Jun 14 11:36:35 JST 2019: 
test: true
Fri Jun 14 11:36:35 JST 2019: 
b1: false
Fri Jun 14 11:36:35 JST 2019: 
test_background: true
Fri Jun 14 11:36:35 JST 2019: 
test: true
Fri Jun 14 11:36:35 JST 2019: 
test: true
Fri Jun 14 11:36:35 JST 2019: 
test: true
Fri Jun 14 11:36:35 JST 2019: 
test: true
Fri Jun 14 11:36:35 JST 2019: 
test: true
Fri Jun 14 11:36:35 JST 2019: 
test: true
Fri Jun 14 11:36:35 JST 2019: 
test: true
Fri Jun 14 11:36:35 JST 2019: 
test: true
Fri Jun 14 11:36:35 JST 2019: 
test: true
Fri Jun 14 11:36:35 JST 2019: 
test: true
Fri Jun 14 11:36:35 JST 2019: 
test: true
Fri Jun 14 11:36:35 JST 2019: 
test: true
Fri Jun 14 11:36:35 JST 2019: 
test: true
Fri Jun 14 11:36:35 JST 2019: 
test: true
Fri Jun 14 11:36:35 JST 2019: 
test: true
Fri Jun 14 11:36:35 JST 2019: 
test: true
Fri Jun 14 11:36:35 JST 2019: 
test: true
Fri Jun 14 11:36:35 JST 2019: 
test: true
Fri Jun 14 11:36:35 JST 2019: 
test: true
Fri Jun 14 11:36:35 JST 2019: 
test: true
Fri Jun 14 11:36:35 JST 2019: 
test: true
Fri Jun 14 11:36:35 JST 2019: 
test: true
Fri Jun 14 11:36:35 JST 2019: 
test: true
Fri Jun 14 11:36:35 JST 2019: 
test: true
Fri Jun 14 11:36:35 JST 2019: 
test: true
Fri Jun 14 11:36:35 JST 2019: 
test: true
Fri Jun 14 11:36:35 JST 2019: 
test: true
Fri Jun 14 11:36:35 JST 2019: 
test: true
Fri Jun 14 11:36:35 JST 2019: 
test: true
Fri Jun 14 11:36:35 JST 2019: 
test: true
Fri Jun 14 11:36:35 JST 2019: 
test: true
Fri Jun 14 11:36:35 JST 2019: 
test: true
Fri Jun 14 11:36:35 JST 2019: 
test: true
Fri Jun 14 11:36:35 JST 2019: 
test: true
Fri Jun 14 11:36:35 JST 2019: 
test: true
Fri Jun 14 11:36:35 JST 2019: 
test: true
Fri Jun 14 11:36:35 JST 2019: 
test: true
Fri Jun 14 11:36:35 JST 2019: 
test: true
Fri Jun 14 11:36:35 JST 2019: 
test: true
Fri Jun 14 11:36:36 JST 2019: 
Exit with status 0.
