Fri Jun 14 11:39:21 JST 2019: 
test: true
Fri Jun 14 11:39:21 JST 2019: 
test: true
Fri Jun 14 11:39:21 JST 2019: 
test: true
Fri Jun 14 11:39:21 JST 2019: 
test: true
Fri Jun 14 11:39:21 JST 2019: 
test: true
Fri Jun 14 11:39:21 JST 2019: 
test: true
Fri Jun 14 11:39:21 JST 2019: 
test: true
Fri Jun 14 11:39:21 JST 2019: 
test: true
Fri Jun 14 11:39:21 JST 2019: 
test: true
Fri Jun 14 11:39:21 JST 2019: 
test: true
Fri Jun 14 11:39:21 JST 2019: 
changed! 
null->test
Fri Jun 14 11:39:21 JST 2019: 
b1: false
Fri Jun 14 11:39:21 JST 2019: 
test_background: true
Fri Jun 14 11:39:21 JST 2019: 
changed! 
Fri Jun 14 11:39:21 JST 2019: 
null->test
changed! 
null->test
Fri Jun 14 11:39:21 JST 2019: 
b1: false
Fri Jun 14 11:39:21 JST 2019: 
Fri Jun 14 11:39:21 JST 2019: 
test_background: true
b1: false
Fri Jun 14 11:39:21 JST 2019: 
test_background: true
Fri Jun 14 11:39:23 JST 2019: 
test: true
Fri Jun 14 11:39:23 JST 2019: 
test: true
Fri Jun 14 11:39:23 JST 2019: 
test: true
Fri Jun 14 11:39:25 JST 2019: 
Exit with status 0.
